<?xml version="1.0" encoding="UTF-8"?>
<testsuite xmlns:xsi="http://www.w3.org/2001/XMLSchema-instance" xsi:noNamespaceSchemaLocation="https://maven.apache.org/surefire/maven-surefire-plugin/xsd/surefire-test-report-3.0.xsd" version="3.0" name="TestSuite" time="25.487" tests="1" errors="0" skipped="0" failures="0">
  <properties>
    <property name="gopherProxySet" value="false"/>
    <property name="awt.toolkit" value="sun.lwawt.macosx.LWCToolkit"/>
    <property name="java.specification.version" value="11"/>
    <property name="webdriver.chrome.driver" value="./drivers/chrome/chromedriver"/>
    <property name="sun.cpu.isalist" value=""/>
    <property name="sun.jnu.encoding" value="UTF-8"/>
    <property name="java.class.path" value="/Users/anatoliiyakubyshyn/Documents/Solvd/new/FrameWorkSelenium/target/test-classes:/Users/anatoliiyakubyshyn/Documents/Solvd/new/FrameWorkSelenium/target/classes:/Users/anatoliiyakubyshyn/.m2/repository/org/seleniumhq/selenium/selenium-java/4.8.3/selenium-java-4.8.3.jar:/Users/anatoliiyakubyshyn/.m2/repository/org/seleniumhq/selenium/selenium-api/4.8.3/selenium-api-4.8.3.jar:/Users/anatoliiyakubyshyn/.m2/repository/org/seleniumhq/selenium/selenium-chrome-driver/4.8.3/selenium-chrome-driver-4.8.3.jar:/Users/anatoliiyakubyshyn/.m2/repository/com/google/auto/service/auto-service-annotations/1.0.1/auto-service-annotations-1.0.1.jar:/Users/anatoliiyakubyshyn/.m2/repository/com/google/auto/service/auto-service/1.0.1/auto-service-1.0.1.jar:/Users/anatoliiyakubyshyn/.m2/repository/com/google/auto/auto-common/1.2/auto-common-1.2.jar:/Users/anatoliiyakubyshyn/.m2/repository/com/google/guava/guava/31.1-jre/guava-31.1-jre.jar:/Users/anatoliiyakubyshyn/.m2/repository/com/google/guava/failureaccess/1.0.1/failureaccess-1.0.1.jar:/Users/anatoliiyakubyshyn/.m2/repository/com/google/guava/listenablefuture/9999.0-empty-to-avoid-conflict-with-guava/listenablefuture-9999.0-empty-to-avoid-conflict-with-guava.jar:/Users/anatoliiyakubyshyn/.m2/repository/com/google/code/findbugs/jsr305/3.0.2/jsr305-3.0.2.jar:/Users/anatoliiyakubyshyn/.m2/repository/org/checkerframework/checker-qual/3.12.0/checker-qual-3.12.0.jar:/Users/anatoliiyakubyshyn/.m2/repository/com/google/errorprone/error_prone_annotations/2.11.0/error_prone_annotations-2.11.0.jar:/Users/anatoliiyakubyshyn/.m2/repository/com/google/j2objc/j2objc-annotations/1.3/j2objc-annotations-1.3.jar:/Users/anatoliiyakubyshyn/.m2/repository/org/seleniumhq/selenium/selenium-chromium-driver/4.8.3/selenium-chromium-driver-4.8.3.jar:/Users/anatoliiyakubyshyn/.m2/repository/org/seleniumhq/selenium/selenium-json/4.8.3/selenium-json-4.8.3.jar:/Users/anatoliiyakubyshyn/.m2/repository/org/seleniumhq/selenium/selenium-manager/4.8.3/selenium-manager-4.8.3.jar:/Users/anatoliiyakubyshyn/.m2/repository/org/seleniumhq/selenium/selenium-devtools-v109/4.8.3/selenium-devtools-v109-4.8.3.jar:/Users/anatoliiyakubyshyn/.m2/repository/org/seleniumhq/selenium/selenium-devtools-v110/4.8.3/selenium-devtools-v110-4.8.3.jar:/Users/anatoliiyakubyshyn/.m2/repository/org/seleniumhq/selenium/selenium-devtools-v111/4.8.3/selenium-devtools-v111-4.8.3.jar:/Users/anatoliiyakubyshyn/.m2/repository/org/seleniumhq/selenium/selenium-devtools-v85/4.8.3/selenium-devtools-v85-4.8.3.jar:/Users/anatoliiyakubyshyn/.m2/repository/org/seleniumhq/selenium/selenium-edge-driver/4.8.3/selenium-edge-driver-4.8.3.jar:/Users/anatoliiyakubyshyn/.m2/repository/org/seleniumhq/selenium/selenium-firefox-driver/4.8.3/selenium-firefox-driver-4.8.3.jar:/Users/anatoliiyakubyshyn/.m2/repository/org/seleniumhq/selenium/selenium-http/4.8.3/selenium-http-4.8.3.jar:/Users/anatoliiyakubyshyn/.m2/repository/dev/failsafe/failsafe/3.3.1/failsafe-3.3.1.jar:/Users/anatoliiyakubyshyn/.m2/repository/org/seleniumhq/selenium/selenium-ie-driver/4.8.3/selenium-ie-driver-4.8.3.jar:/Users/anatoliiyakubyshyn/.m2/repository/org/seleniumhq/selenium/selenium-remote-driver/4.8.3/selenium-remote-driver-4.8.3.jar:/Users/anatoliiyakubyshyn/.m2/repository/io/netty/netty-buffer/4.1.90.Final/netty-buffer-4.1.90.Final.jar:/Users/anatoliiyakubyshyn/.m2/repository/io/netty/netty-codec-http/4.1.90.Final/netty-codec-http-4.1.90.Final.jar:/Users/anatoliiyakubyshyn/.m2/repository/io/netty/netty-codec/4.1.90.Final/netty-codec-4.1.90.Final.jar:/Users/anatoliiyakubyshyn/.m2/repository/io/netty/netty-handler/4.1.90.Final/netty-handler-4.1.90.Final.jar:/Users/anatoliiyakubyshyn/.m2/repository/io/netty/netty-common/4.1.90.Final/netty-common-4.1.90.Final.jar:/Users/anatoliiyakubyshyn/.m2/repository/io/netty/netty-transport-classes-epoll/4.1.90.Final/netty-transport-classes-epoll-4.1.90.Final.jar:/Users/anatoliiyakubyshyn/.m2/repository/io/netty/netty-transport-classes-kqueue/4.1.90.Final/netty-transport-classes-kqueue-4.1.90.Final.jar:/Users/anatoliiyakubyshyn/.m2/repository/io/netty/netty-transport-native-epoll/4.1.90.Final/netty-transport-native-epoll-4.1.90.Final.jar:/Users/anatoliiyakubyshyn/.m2/repository/io/netty/netty-transport-native-kqueue/4.1.90.Final/netty-transport-native-kqueue-4.1.90.Final.jar:/Users/anatoliiyakubyshyn/.m2/repository/io/netty/netty-transport-native-unix-common/4.1.90.Final/netty-transport-native-unix-common-4.1.90.Final.jar:/Users/anatoliiyakubyshyn/.m2/repository/io/netty/netty-transport/4.1.90.Final/netty-transport-4.1.90.Final.jar:/Users/anatoliiyakubyshyn/.m2/repository/io/netty/netty-resolver/4.1.90.Final/netty-resolver-4.1.90.Final.jar:/Users/anatoliiyakubyshyn/.m2/repository/io/opentelemetry/opentelemetry-api/1.24.0/opentelemetry-api-1.24.0.jar:/Users/anatoliiyakubyshyn/.m2/repository/io/opentelemetry/opentelemetry-context/1.24.0/opentelemetry-context-1.24.0.jar:/Users/anatoliiyakubyshyn/.m2/repository/io/opentelemetry/opentelemetry-exporter-logging/1.24.0/opentelemetry-exporter-logging-1.24.0.jar:/Users/anatoliiyakubyshyn/.m2/repository/io/opentelemetry/opentelemetry-sdk-metrics/1.24.0/opentelemetry-sdk-metrics-1.24.0.jar:/Users/anatoliiyakubyshyn/.m2/repository/io/opentelemetry/opentelemetry-sdk-logs/1.24.0-alpha/opentelemetry-sdk-logs-1.24.0-alpha.jar:/Users/anatoliiyakubyshyn/.m2/repository/io/opentelemetry/opentelemetry-api-logs/1.24.0-alpha/opentelemetry-api-logs-1.24.0-alpha.jar:/Users/anatoliiyakubyshyn/.m2/repository/io/opentelemetry/opentelemetry-api-events/1.24.0-alpha/opentelemetry-api-events-1.24.0-alpha.jar:/Users/anatoliiyakubyshyn/.m2/repository/io/opentelemetry/opentelemetry-sdk-common/1.24.0/opentelemetry-sdk-common-1.24.0.jar:/Users/anatoliiyakubyshyn/.m2/repository/io/opentelemetry/opentelemetry-sdk-extension-autoconfigure-spi/1.24.0/opentelemetry-sdk-extension-autoconfigure-spi-1.24.0.jar:/Users/anatoliiyakubyshyn/.m2/repository/io/opentelemetry/opentelemetry-sdk-extension-autoconfigure/1.24.0-alpha/opentelemetry-sdk-extension-autoconfigure-1.24.0-alpha.jar:/Users/anatoliiyakubyshyn/.m2/repository/io/opentelemetry/opentelemetry-sdk-trace/1.24.0/opentelemetry-sdk-trace-1.24.0.jar:/Users/anatoliiyakubyshyn/.m2/repository/io/opentelemetry/opentelemetry-sdk/1.24.0/opentelemetry-sdk-1.24.0.jar:/Users/anatoliiyakubyshyn/.m2/repository/io/opentelemetry/opentelemetry-semconv/1.24.0-alpha/opentelemetry-semconv-1.24.0-alpha.jar:/Users/anatoliiyakubyshyn/.m2/repository/io/ous/jtoml/2.0.0/jtoml-2.0.0.jar:/Users/anatoliiyakubyshyn/.m2/repository/net/bytebuddy/byte-buddy/1.14.2/byte-buddy-1.14.2.jar:/Users/anatoliiyakubyshyn/.m2/repository/org/apache/commons/commons-exec/1.3/commons-exec-1.3.jar:/Users/anatoliiyakubyshyn/.m2/repository/org/asynchttpclient/async-http-client/2.12.3/async-http-client-2.12.3.jar:/Users/anatoliiyakubyshyn/.m2/repository/org/asynchttpclient/async-http-client-netty-utils/2.12.3/async-http-client-netty-utils-2.12.3.jar:/Users/anatoliiyakubyshyn/.m2/repository/io/netty/netty-codec-socks/4.1.60.Final/netty-codec-socks-4.1.60.Final.jar:/Users/anatoliiyakubyshyn/.m2/repository/io/netty/netty-handler-proxy/4.1.60.Final/netty-handler-proxy-4.1.60.Final.jar:/Users/anatoliiyakubyshyn/.m2/repository/io/netty/netty-transport-native-epoll/4.1.60.Final/netty-transport-native-epoll-4.1.60.Final-linux-x86_64.jar:/Users/anatoliiyakubyshyn/.m2/repository/io/netty/netty-transport-native-kqueue/4.1.60.Final/netty-transport-native-kqueue-4.1.60.Final-osx-x86_64.jar:/Users/anatoliiyakubyshyn/.m2/repository/org/reactivestreams/reactive-streams/1.0.3/reactive-streams-1.0.3.jar:/Users/anatoliiyakubyshyn/.m2/repository/com/typesafe/netty/netty-reactive-streams/2.0.4/netty-reactive-streams-2.0.4.jar:/Users/anatoliiyakubyshyn/.m2/repository/com/sun/activation/jakarta.activation/1.2.2/jakarta.activation-1.2.2.jar:/Users/anatoliiyakubyshyn/.m2/repository/org/seleniumhq/selenium/selenium-safari-driver/4.8.3/selenium-safari-driver-4.8.3.jar:/Users/anatoliiyakubyshyn/.m2/repository/org/seleniumhq/selenium/selenium-support/4.8.3/selenium-support-4.8.3.jar:/Users/anatoliiyakubyshyn/.m2/repository/io/github/bonigarcia/webdrivermanager/5.3.2/webdrivermanager-5.3.2.jar:/Users/anatoliiyakubyshyn/.m2/repository/org/slf4j/slf4j-api/2.0.6/slf4j-api-2.0.6.jar:/Users/anatoliiyakubyshyn/.m2/repository/com/google/code/gson/gson/2.10.1/gson-2.10.1.jar:/Users/anatoliiyakubyshyn/.m2/repository/com/github/docker-java/docker-java/3.2.14/docker-java-3.2.14.jar:/Users/anatoliiyakubyshyn/.m2/repository/com/github/docker-java/docker-java-core/3.2.14/docker-java-core-3.2.14.jar:/Users/anatoliiyakubyshyn/.m2/repository/com/github/docker-java/docker-java-api/3.2.14/docker-java-api-3.2.14.jar:/Users/anatoliiyakubyshyn/.m2/repository/org/bouncycastle/bcpkix-jdk15on/1.64/bcpkix-jdk15on-1.64.jar:/Users/anatoliiyakubyshyn/.m2/repository/org/bouncycastle/bcprov-jdk15on/1.64/bcprov-jdk15on-1.64.jar:/Users/anatoliiyakubyshyn/.m2/repository/org/slf4j/jcl-over-slf4j/1.7.30/jcl-over-slf4j-1.7.30.jar:/Users/anatoliiyakubyshyn/.m2/repository/com/github/docker-java/docker-java-transport-httpclient5/3.2.14/docker-java-transport-httpclient5-3.2.14.jar:/Users/anatoliiyakubyshyn/.m2/repository/com/github/docker-java/docker-java-transport/3.2.14/docker-java-transport-3.2.14.jar:/Users/anatoliiyakubyshyn/.m2/repository/net/java/dev/jna/jna/5.12.1/jna-5.12.1.jar:/Users/anatoliiyakubyshyn/.m2/repository/org/brotli/dec/0.1.2/dec-0.1.2.jar:/Users/anatoliiyakubyshyn/.m2/repository/org/apache/commons/commons-lang3/3.12.0/commons-lang3-3.12.0.jar:/Users/anatoliiyakubyshyn/.m2/repository/org/apache/httpcomponents/client5/httpclient5/5.2.1/httpclient5-5.2.1.jar:/Users/anatoliiyakubyshyn/.m2/repository/org/apache/httpcomponents/core5/httpcore5/5.2/httpcore5-5.2.jar:/Users/anatoliiyakubyshyn/.m2/repository/org/apache/httpcomponents/core5/httpcore5-h2/5.2/httpcore5-h2-5.2.jar:/Users/anatoliiyakubyshyn/.m2/repository/org/testng/testng/7.7.1/testng-7.7.1.jar:/Users/anatoliiyakubyshyn/.m2/repository/com/beust/jcommander/1.82/jcommander-1.82.jar:/Users/anatoliiyakubyshyn/.m2/repository/org/webjars/jquery/3.6.1/jquery-3.6.1.jar:/Users/anatoliiyakubyshyn/.m2/repository/com/aventstack/extentreports/3.0.0/extentreports-3.0.0.jar:/Users/anatoliiyakubyshyn/.m2/repository/org/freemarker/freemarker/2.3.23/freemarker-2.3.23.jar:/Users/anatoliiyakubyshyn/.m2/repository/org/mongodb/mongodb-driver/3.3.0/mongodb-driver-3.3.0.jar:/Users/anatoliiyakubyshyn/.m2/repository/org/mongodb/bson/3.3.0/bson-3.3.0.jar:/Users/anatoliiyakubyshyn/.m2/repository/org/mongodb/mongodb-driver-core/3.3.0/mongodb-driver-core-3.3.0.jar:/Users/anatoliiyakubyshyn/.m2/repository/org/apache/httpcomponents/httpclient/4.5.2/httpclient-4.5.2.jar:/Users/anatoliiyakubyshyn/.m2/repository/org/apache/httpcomponents/httpcore/4.4.4/httpcore-4.4.4.jar:/Users/anatoliiyakubyshyn/.m2/repository/commons-logging/commons-logging/1.2/commons-logging-1.2.jar:/Users/anatoliiyakubyshyn/.m2/repository/commons-codec/commons-codec/1.9/commons-codec-1.9.jar:/Users/anatoliiyakubyshyn/.m2/repository/org/apache/httpcomponents/httpmime/4.5.2/httpmime-4.5.2.jar:/Users/anatoliiyakubyshyn/.m2/repository/org/apache/logging/log4j/log4j-api/2.20.0/log4j-api-2.20.0.jar:/Users/anatoliiyakubyshyn/.m2/repository/org/apache/logging/log4j/log4j-core/2.20.0/log4j-core-2.20.0.jar:/Users/anatoliiyakubyshyn/.m2/repository/org/apache/poi/poi-ooxml/5.2.3/poi-ooxml-5.2.3.jar:/Users/anatoliiyakubyshyn/.m2/repository/org/apache/poi/poi/5.2.3/poi-5.2.3.jar:/Users/anatoliiyakubyshyn/.m2/repository/org/apache/commons/commons-math3/3.6.1/commons-math3-3.6.1.jar:/Users/anatoliiyakubyshyn/.m2/repository/com/zaxxer/SparseBitSet/1.2/SparseBitSet-1.2.jar:/Users/anatoliiyakubyshyn/.m2/repository/org/apache/poi/poi-ooxml-lite/5.2.3/poi-ooxml-lite-5.2.3.jar:/Users/anatoliiyakubyshyn/.m2/repository/org/apache/xmlbeans/xmlbeans/5.1.1/xmlbeans-5.1.1.jar:/Users/anatoliiyakubyshyn/.m2/repository/org/apache/commons/commons-compress/1.21/commons-compress-1.21.jar:/Users/anatoliiyakubyshyn/.m2/repository/commons-io/commons-io/2.11.0/commons-io-2.11.0.jar:/Users/anatoliiyakubyshyn/.m2/repository/com/github/virtuald/curvesapi/1.07/curvesapi-1.07.jar:/Users/anatoliiyakubyshyn/.m2/repository/org/apache/commons/commons-collections4/4.4/commons-collections4-4.4.jar:/Users/anatoliiyakubyshyn/.m2/repository/com/applitools/eyes-selenium-java3/5.0.0/eyes-selenium-java3-5.0.0.jar:/Users/anatoliiyakubyshyn/.m2/repository/com/applitools/eyes-common-java3/5.0.0/eyes-common-java3-5.0.0.jar:/Users/anatoliiyakubyshyn/.m2/repository/org/imgscalr/imgscalr-lib/4.2/imgscalr-lib-4.2.jar:/Users/anatoliiyakubyshyn/.m2/repository/com/fasterxml/jackson/core/jackson-databind/2.11.0/jackson-databind-2.11.0.jar:/Users/anatoliiyakubyshyn/.m2/repository/com/fasterxml/jackson/core/jackson-annotations/2.11.0/jackson-annotations-2.11.0.jar:/Users/anatoliiyakubyshyn/.m2/repository/com/fasterxml/jackson/core/jackson-core/2.11.0/jackson-core-2.11.0.jar:/Users/anatoliiyakubyshyn/.m2/repository/org/jsoup/jsoup/1.8.3/jsoup-1.8.3.jar:/Users/anatoliiyakubyshyn/.m2/repository/com/applitools/eyes-selenium-common-java3/5.0.0/eyes-selenium-common-java3-5.0.0.jar:/Users/anatoliiyakubyshyn/.m2/repository/com/applitools/eyes-sdk-core-java3/5.0.0/eyes-sdk-core-java3-5.0.0.jar:/Users/anatoliiyakubyshyn/.m2/repository/com/applitools/eyes-ufg-java3/5.0.0/eyes-ufg-java3-5.0.0.jar:/Users/anatoliiyakubyshyn/.m2/repository/com/applitools/eyes-connectivity-java3/3.210.6/eyes-connectivity-java3-3.210.6.jar:/Users/anatoliiyakubyshyn/.m2/repository/net/sourceforge/cssparser/cssparser/0.9.27/cssparser-0.9.27.jar:/Users/anatoliiyakubyshyn/.m2/repository/org/w3c/css/sac/1.3/sac-1.3.jar:/Users/anatoliiyakubyshyn/.m2/repository/com/applitools/eyes-connectivity-java3-jersey2x/3.210.6/eyes-connectivity-java3-jersey2x-3.210.6.jar:/Users/anatoliiyakubyshyn/.m2/repository/org/glassfish/jersey/connectors/jersey-apache-connector/2.29/jersey-apache-connector-2.29.jar:/Users/anatoliiyakubyshyn/.m2/repository/org/glassfish/jersey/core/jersey-common/2.29/jersey-common-2.29.jar:/Users/anatoliiyakubyshyn/.m2/repository/jakarta/annotation/jakarta.annotation-api/1.3.4/jakarta.annotation-api-1.3.4.jar:/Users/anatoliiyakubyshyn/.m2/repository/org/glassfish/hk2/osgi-resource-locator/1.0.3/osgi-resource-locator-1.0.3.jar:/Users/anatoliiyakubyshyn/.m2/repository/jakarta/ws/rs/jakarta.ws.rs-api/2.1.5/jakarta.ws.rs-api-2.1.5.jar:/Users/anatoliiyakubyshyn/.m2/repository/org/glassfish/jersey/core/jersey-client/2.29/jersey-client-2.29.jar:/Users/anatoliiyakubyshyn/.m2/repository/org/glassfish/hk2/external/jakarta.inject/2.5.0/jakarta.inject-2.5.0.jar:/Users/anatoliiyakubyshyn/.m2/repository/org/glassfish/jersey/inject/jersey-hk2/2.29/jersey-hk2-2.29.jar:/Users/anatoliiyakubyshyn/.m2/repository/org/glassfish/hk2/hk2-locator/2.5.0/hk2-locator-2.5.0.jar:/Users/anatoliiyakubyshyn/.m2/repository/org/glassfish/hk2/external/aopalliance-repackaged/2.5.0/aopalliance-repackaged-2.5.0.jar:/Users/anatoliiyakubyshyn/.m2/repository/org/glassfish/hk2/hk2-api/2.5.0/hk2-api-2.5.0.jar:/Users/anatoliiyakubyshyn/.m2/repository/org/glassfish/hk2/hk2-utils/2.5.0/hk2-utils-2.5.0.jar:/Users/anatoliiyakubyshyn/.m2/repository/org/javassist/javassist/3.22.0-CR2/javassist-3.22.0-CR2.jar:/Users/anatoliiyakubyshyn/.m2/repository/javax/websocket/javax.websocket-client-api/1.1/javax.websocket-client-api-1.1.jar:/Users/anatoliiyakubyshyn/.m2/repository/com/applitools/eyes-universal-core/5.0.0/eyes-universal-core-5.0.0.jar:/Users/anatoliiyakubyshyn/.m2/repository/com/helger/ph-css/6.1.1/ph-css-6.1.1.jar:/Users/anatoliiyakubyshyn/.m2/repository/com/helger/ph-commons/9.0.2/ph-commons-9.0.2.jar:/Users/anatoliiyakubyshyn/.m2/repository/javax/activation/activation/1.1.1/activation-1.1.1.jar:"/>
    <property name="java.vm.vendor" value="AdoptOpenJDK"/>
    <property name="sun.arch.data.model" value="64"/>
    <property name="java.vendor.url" value="https://adoptopenjdk.net/"/>
    <property name="user.timezone" value="Europe/Kiev"/>
    <property name="java.vm.specification.version" value="11"/>
    <property name="os.name" value="Mac OS X"/>
    <property name="sun.java.launcher" value="SUN_STANDARD"/>
    <property name="user.country" value="UA"/>
    <property name="sun.boot.library.path" value="/Library/Java/JavaVirtualMachines/adoptopenjdk-11.jdk/Contents/Home/lib"/>
    <property name="sun.java.command" value="/Users/anatoliiyakubyshyn/Documents/Solvd/new/FrameWorkSelenium/target/surefire/surefirebooter4122544142659598738.jar /Users/anatoliiyakubyshyn/Documents/Solvd/new/FrameWorkSelenium/target/surefire 2023-04-28T15-14-18_658-jvmRun1 surefire6291842261923292045tmp surefire_01475896678090928019tmp"/>
    <property name="http.nonProxyHosts" value="local|*.local|169.254/16|*.169.254/16"/>
    <property name="jdk.debug" value="release"/>
    <property name="surefire.test.class.path" value="/Users/anatoliiyakubyshyn/Documents/Solvd/new/FrameWorkSelenium/target/test-classes:/Users/anatoliiyakubyshyn/Documents/Solvd/new/FrameWorkSelenium/target/classes:/Users/anatoliiyakubyshyn/.m2/repository/org/seleniumhq/selenium/selenium-java/4.8.3/selenium-java-4.8.3.jar:/Users/anatoliiyakubyshyn/.m2/repository/org/seleniumhq/selenium/selenium-api/4.8.3/selenium-api-4.8.3.jar:/Users/anatoliiyakubyshyn/.m2/repository/org/seleniumhq/selenium/selenium-chrome-driver/4.8.3/selenium-chrome-driver-4.8.3.jar:/Users/anatoliiyakubyshyn/.m2/repository/com/google/auto/service/auto-service-annotations/1.0.1/auto-service-annotations-1.0.1.jar:/Users/anatoliiyakubyshyn/.m2/repository/com/google/auto/service/auto-service/1.0.1/auto-service-1.0.1.jar:/Users/anatoliiyakubyshyn/.m2/repository/com/google/auto/auto-common/1.2/auto-common-1.2.jar:/Users/anatoliiyakubyshyn/.m2/repository/com/google/guava/guava/31.1-jre/guava-31.1-jre.jar:/Users/anatoliiyakubyshyn/.m2/repository/com/google/guava/failureaccess/1.0.1/failureaccess-1.0.1.jar:/Users/anatoliiyakubyshyn/.m2/repository/com/google/guava/listenablefuture/9999.0-empty-to-avoid-conflict-with-guava/listenablefuture-9999.0-empty-to-avoid-conflict-with-guava.jar:/Users/anatoliiyakubyshyn/.m2/repository/com/google/code/findbugs/jsr305/3.0.2/jsr305-3.0.2.jar:/Users/anatoliiyakubyshyn/.m2/repository/org/checkerframework/checker-qual/3.12.0/checker-qual-3.12.0.jar:/Users/anatoliiyakubyshyn/.m2/repository/com/google/errorprone/error_prone_annotations/2.11.0/error_prone_annotations-2.11.0.jar:/Users/anatoliiyakubyshyn/.m2/repository/com/google/j2objc/j2objc-annotations/1.3/j2objc-annotations-1.3.jar:/Users/anatoliiyakubyshyn/.m2/repository/org/seleniumhq/selenium/selenium-chromium-driver/4.8.3/selenium-chromium-driver-4.8.3.jar:/Users/anatoliiyakubyshyn/.m2/repository/org/seleniumhq/selenium/selenium-json/4.8.3/selenium-json-4.8.3.jar:/Users/anatoliiyakubyshyn/.m2/repository/org/seleniumhq/selenium/selenium-manager/4.8.3/selenium-manager-4.8.3.jar:/Users/anatoliiyakubyshyn/.m2/repository/org/seleniumhq/selenium/selenium-devtools-v109/4.8.3/selenium-devtools-v109-4.8.3.jar:/Users/anatoliiyakubyshyn/.m2/repository/org/seleniumhq/selenium/selenium-devtools-v110/4.8.3/selenium-devtools-v110-4.8.3.jar:/Users/anatoliiyakubyshyn/.m2/repository/org/seleniumhq/selenium/selenium-devtools-v111/4.8.3/selenium-devtools-v111-4.8.3.jar:/Users/anatoliiyakubyshyn/.m2/repository/org/seleniumhq/selenium/selenium-devtools-v85/4.8.3/selenium-devtools-v85-4.8.3.jar:/Users/anatoliiyakubyshyn/.m2/repository/org/seleniumhq/selenium/selenium-edge-driver/4.8.3/selenium-edge-driver-4.8.3.jar:/Users/anatoliiyakubyshyn/.m2/repository/org/seleniumhq/selenium/selenium-firefox-driver/4.8.3/selenium-firefox-driver-4.8.3.jar:/Users/anatoliiyakubyshyn/.m2/repository/org/seleniumhq/selenium/selenium-http/4.8.3/selenium-http-4.8.3.jar:/Users/anatoliiyakubyshyn/.m2/repository/dev/failsafe/failsafe/3.3.1/failsafe-3.3.1.jar:/Users/anatoliiyakubyshyn/.m2/repository/org/seleniumhq/selenium/selenium-ie-driver/4.8.3/selenium-ie-driver-4.8.3.jar:/Users/anatoliiyakubyshyn/.m2/repository/org/seleniumhq/selenium/selenium-remote-driver/4.8.3/selenium-remote-driver-4.8.3.jar:/Users/anatoliiyakubyshyn/.m2/repository/io/netty/netty-buffer/4.1.90.Final/netty-buffer-4.1.90.Final.jar:/Users/anatoliiyakubyshyn/.m2/repository/io/netty/netty-codec-http/4.1.90.Final/netty-codec-http-4.1.90.Final.jar:/Users/anatoliiyakubyshyn/.m2/repository/io/netty/netty-codec/4.1.90.Final/netty-codec-4.1.90.Final.jar:/Users/anatoliiyakubyshyn/.m2/repository/io/netty/netty-handler/4.1.90.Final/netty-handler-4.1.90.Final.jar:/Users/anatoliiyakubyshyn/.m2/repository/io/netty/netty-common/4.1.90.Final/netty-common-4.1.90.Final.jar:/Users/anatoliiyakubyshyn/.m2/repository/io/netty/netty-transport-classes-epoll/4.1.90.Final/netty-transport-classes-epoll-4.1.90.Final.jar:/Users/anatoliiyakubyshyn/.m2/repository/io/netty/netty-transport-classes-kqueue/4.1.90.Final/netty-transport-classes-kqueue-4.1.90.Final.jar:/Users/anatoliiyakubyshyn/.m2/repository/io/netty/netty-transport-native-epoll/4.1.90.Final/netty-transport-native-epoll-4.1.90.Final.jar:/Users/anatoliiyakubyshyn/.m2/repository/io/netty/netty-transport-native-kqueue/4.1.90.Final/netty-transport-native-kqueue-4.1.90.Final.jar:/Users/anatoliiyakubyshyn/.m2/repository/io/netty/netty-transport-native-unix-common/4.1.90.Final/netty-transport-native-unix-common-4.1.90.Final.jar:/Users/anatoliiyakubyshyn/.m2/repository/io/netty/netty-transport/4.1.90.Final/netty-transport-4.1.90.Final.jar:/Users/anatoliiyakubyshyn/.m2/repository/io/netty/netty-resolver/4.1.90.Final/netty-resolver-4.1.90.Final.jar:/Users/anatoliiyakubyshyn/.m2/repository/io/opentelemetry/opentelemetry-api/1.24.0/opentelemetry-api-1.24.0.jar:/Users/anatoliiyakubyshyn/.m2/repository/io/opentelemetry/opentelemetry-context/1.24.0/opentelemetry-context-1.24.0.jar:/Users/anatoliiyakubyshyn/.m2/repository/io/opentelemetry/opentelemetry-exporter-logging/1.24.0/opentelemetry-exporter-logging-1.24.0.jar:/Users/anatoliiyakubyshyn/.m2/repository/io/opentelemetry/opentelemetry-sdk-metrics/1.24.0/opentelemetry-sdk-metrics-1.24.0.jar:/Users/anatoliiyakubyshyn/.m2/repository/io/opentelemetry/opentelemetry-sdk-logs/1.24.0-alpha/opentelemetry-sdk-logs-1.24.0-alpha.jar:/Users/anatoliiyakubyshyn/.m2/repository/io/opentelemetry/opentelemetry-api-logs/1.24.0-alpha/opentelemetry-api-logs-1.24.0-alpha.jar:/Users/anatoliiyakubyshyn/.m2/repository/io/opentelemetry/opentelemetry-api-events/1.24.0-alpha/opentelemetry-api-events-1.24.0-alpha.jar:/Users/anatoliiyakubyshyn/.m2/repository/io/opentelemetry/opentelemetry-sdk-common/1.24.0/opentelemetry-sdk-common-1.24.0.jar:/Users/anatoliiyakubyshyn/.m2/repository/io/opentelemetry/opentelemetry-sdk-extension-autoconfigure-spi/1.24.0/opentelemetry-sdk-extension-autoconfigure-spi-1.24.0.jar:/Users/anatoliiyakubyshyn/.m2/repository/io/opentelemetry/opentelemetry-sdk-extension-autoconfigure/1.24.0-alpha/opentelemetry-sdk-extension-autoconfigure-1.24.0-alpha.jar:/Users/anatoliiyakubyshyn/.m2/repository/io/opentelemetry/opentelemetry-sdk-trace/1.24.0/opentelemetry-sdk-trace-1.24.0.jar:/Users/anatoliiyakubyshyn/.m2/repository/io/opentelemetry/opentelemetry-sdk/1.24.0/opentelemetry-sdk-1.24.0.jar:/Users/anatoliiyakubyshyn/.m2/repository/io/opentelemetry/opentelemetry-semconv/1.24.0-alpha/opentelemetry-semconv-1.24.0-alpha.jar:/Users/anatoliiyakubyshyn/.m2/repository/io/ous/jtoml/2.0.0/jtoml-2.0.0.jar:/Users/anatoliiyakubyshyn/.m2/repository/net/bytebuddy/byte-buddy/1.14.2/byte-buddy-1.14.2.jar:/Users/anatoliiyakubyshyn/.m2/repository/org/apache/commons/commons-exec/1.3/commons-exec-1.3.jar:/Users/anatoliiyakubyshyn/.m2/repository/org/asynchttpclient/async-http-client/2.12.3/async-http-client-2.12.3.jar:/Users/anatoliiyakubyshyn/.m2/repository/org/asynchttpclient/async-http-client-netty-utils/2.12.3/async-http-client-netty-utils-2.12.3.jar:/Users/anatoliiyakubyshyn/.m2/repository/io/netty/netty-codec-socks/4.1.60.Final/netty-codec-socks-4.1.60.Final.jar:/Users/anatoliiyakubyshyn/.m2/repository/io/netty/netty-handler-proxy/4.1.60.Final/netty-handler-proxy-4.1.60.Final.jar:/Users/anatoliiyakubyshyn/.m2/repository/io/netty/netty-transport-native-epoll/4.1.60.Final/netty-transport-native-epoll-4.1.60.Final-linux-x86_64.jar:/Users/anatoliiyakubyshyn/.m2/repository/io/netty/netty-transport-native-kqueue/4.1.60.Final/netty-transport-native-kqueue-4.1.60.Final-osx-x86_64.jar:/Users/anatoliiyakubyshyn/.m2/repository/org/reactivestreams/reactive-streams/1.0.3/reactive-streams-1.0.3.jar:/Users/anatoliiyakubyshyn/.m2/repository/com/typesafe/netty/netty-reactive-streams/2.0.4/netty-reactive-streams-2.0.4.jar:/Users/anatoliiyakubyshyn/.m2/repository/com/sun/activation/jakarta.activation/1.2.2/jakarta.activation-1.2.2.jar:/Users/anatoliiyakubyshyn/.m2/repository/org/seleniumhq/selenium/selenium-safari-driver/4.8.3/selenium-safari-driver-4.8.3.jar:/Users/anatoliiyakubyshyn/.m2/repository/org/seleniumhq/selenium/selenium-support/4.8.3/selenium-support-4.8.3.jar:/Users/anatoliiyakubyshyn/.m2/repository/io/github/bonigarcia/webdrivermanager/5.3.2/webdrivermanager-5.3.2.jar:/Users/anatoliiyakubyshyn/.m2/repository/org/slf4j/slf4j-api/2.0.6/slf4j-api-2.0.6.jar:/Users/anatoliiyakubyshyn/.m2/repository/com/google/code/gson/gson/2.10.1/gson-2.10.1.jar:/Users/anatoliiyakubyshyn/.m2/repository/com/github/docker-java/docker-java/3.2.14/docker-java-3.2.14.jar:/Users/anatoliiyakubyshyn/.m2/repository/com/github/docker-java/docker-java-core/3.2.14/docker-java-core-3.2.14.jar:/Users/anatoliiyakubyshyn/.m2/repository/com/github/docker-java/docker-java-api/3.2.14/docker-java-api-3.2.14.jar:/Users/anatoliiyakubyshyn/.m2/repository/org/bouncycastle/bcpkix-jdk15on/1.64/bcpkix-jdk15on-1.64.jar:/Users/anatoliiyakubyshyn/.m2/repository/org/bouncycastle/bcprov-jdk15on/1.64/bcprov-jdk15on-1.64.jar:/Users/anatoliiyakubyshyn/.m2/repository/org/slf4j/jcl-over-slf4j/1.7.30/jcl-over-slf4j-1.7.30.jar:/Users/anatoliiyakubyshyn/.m2/repository/com/github/docker-java/docker-java-transport-httpclient5/3.2.14/docker-java-transport-httpclient5-3.2.14.jar:/Users/anatoliiyakubyshyn/.m2/repository/com/github/docker-java/docker-java-transport/3.2.14/docker-java-transport-3.2.14.jar:/Users/anatoliiyakubyshyn/.m2/repository/net/java/dev/jna/jna/5.12.1/jna-5.12.1.jar:/Users/anatoliiyakubyshyn/.m2/repository/org/brotli/dec/0.1.2/dec-0.1.2.jar:/Users/anatoliiyakubyshyn/.m2/repository/org/apache/commons/commons-lang3/3.12.0/commons-lang3-3.12.0.jar:/Users/anatoliiyakubyshyn/.m2/repository/org/apache/httpcomponents/client5/httpclient5/5.2.1/httpclient5-5.2.1.jar:/Users/anatoliiyakubyshyn/.m2/repository/org/apache/httpcomponents/core5/httpcore5/5.2/httpcore5-5.2.jar:/Users/anatoliiyakubyshyn/.m2/repository/org/apache/httpcomponents/core5/httpcore5-h2/5.2/httpcore5-h2-5.2.jar:/Users/anatoliiyakubyshyn/.m2/repository/org/testng/testng/7.7.1/testng-7.7.1.jar:/Users/anatoliiyakubyshyn/.m2/repository/com/beust/jcommander/1.82/jcommander-1.82.jar:/Users/anatoliiyakubyshyn/.m2/repository/org/webjars/jquery/3.6.1/jquery-3.6.1.jar:/Users/anatoliiyakubyshyn/.m2/repository/com/aventstack/extentreports/3.0.0/extentreports-3.0.0.jar:/Users/anatoliiyakubyshyn/.m2/repository/org/freemarker/freemarker/2.3.23/freemarker-2.3.23.jar:/Users/anatoliiyakubyshyn/.m2/repository/org/mongodb/mongodb-driver/3.3.0/mongodb-driver-3.3.0.jar:/Users/anatoliiyakubyshyn/.m2/repository/org/mongodb/bson/3.3.0/bson-3.3.0.jar:/Users/anatoliiyakubyshyn/.m2/repository/org/mongodb/mongodb-driver-core/3.3.0/mongodb-driver-core-3.3.0.jar:/Users/anatoliiyakubyshyn/.m2/repository/org/apache/httpcomponents/httpclient/4.5.2/httpclient-4.5.2.jar:/Users/anatoliiyakubyshyn/.m2/repository/org/apache/httpcomponents/httpcore/4.4.4/httpcore-4.4.4.jar:/Users/anatoliiyakubyshyn/.m2/repository/commons-logging/commons-logging/1.2/commons-logging-1.2.jar:/Users/anatoliiyakubyshyn/.m2/repository/commons-codec/commons-codec/1.9/commons-codec-1.9.jar:/Users/anatoliiyakubyshyn/.m2/repository/org/apache/httpcomponents/httpmime/4.5.2/httpmime-4.5.2.jar:/Users/anatoliiyakubyshyn/.m2/repository/org/apache/logging/log4j/log4j-api/2.20.0/log4j-api-2.20.0.jar:/Users/anatoliiyakubyshyn/.m2/repository/org/apache/logging/log4j/log4j-core/2.20.0/log4j-core-2.20.0.jar:/Users/anatoliiyakubyshyn/.m2/repository/org/apache/poi/poi-ooxml/5.2.3/poi-ooxml-5.2.3.jar:/Users/anatoliiyakubyshyn/.m2/repository/org/apache/poi/poi/5.2.3/poi-5.2.3.jar:/Users/anatoliiyakubyshyn/.m2/repository/org/apache/commons/commons-math3/3.6.1/commons-math3-3.6.1.jar:/Users/anatoliiyakubyshyn/.m2/repository/com/zaxxer/SparseBitSet/1.2/SparseBitSet-1.2.jar:/Users/anatoliiyakubyshyn/.m2/repository/org/apache/poi/poi-ooxml-lite/5.2.3/poi-ooxml-lite-5.2.3.jar:/Users/anatoliiyakubyshyn/.m2/repository/org/apache/xmlbeans/xmlbeans/5.1.1/xmlbeans-5.1.1.jar:/Users/anatoliiyakubyshyn/.m2/repository/org/apache/commons/commons-compress/1.21/commons-compress-1.21.jar:/Users/anatoliiyakubyshyn/.m2/repository/commons-io/commons-io/2.11.0/commons-io-2.11.0.jar:/Users/anatoliiyakubyshyn/.m2/repository/com/github/virtuald/curvesapi/1.07/curvesapi-1.07.jar:/Users/anatoliiyakubyshyn/.m2/repository/org/apache/commons/commons-collections4/4.4/commons-collections4-4.4.jar:/Users/anatoliiyakubyshyn/.m2/repository/com/applitools/eyes-selenium-java3/5.0.0/eyes-selenium-java3-5.0.0.jar:/Users/anatoliiyakubyshyn/.m2/repository/com/applitools/eyes-common-java3/5.0.0/eyes-common-java3-5.0.0.jar:/Users/anatoliiyakubyshyn/.m2/repository/org/imgscalr/imgscalr-lib/4.2/imgscalr-lib-4.2.jar:/Users/anatoliiyakubyshyn/.m2/repository/com/fasterxml/jackson/core/jackson-databind/2.11.0/jackson-databind-2.11.0.jar:/Users/anatoliiyakubyshyn/.m2/repository/com/fasterxml/jackson/core/jackson-annotations/2.11.0/jackson-annotations-2.11.0.jar:/Users/anatoliiyakubyshyn/.m2/repository/com/fasterxml/jackson/core/jackson-core/2.11.0/jackson-core-2.11.0.jar:/Users/anatoliiyakubyshyn/.m2/repository/org/jsoup/jsoup/1.8.3/jsoup-1.8.3.jar:/Users/anatoliiyakubyshyn/.m2/repository/com/applitools/eyes-selenium-common-java3/5.0.0/eyes-selenium-common-java3-5.0.0.jar:/Users/anatoliiyakubyshyn/.m2/repository/com/applitools/eyes-sdk-core-java3/5.0.0/eyes-sdk-core-java3-5.0.0.jar:/Users/anatoliiyakubyshyn/.m2/repository/com/applitools/eyes-ufg-java3/5.0.0/eyes-ufg-java3-5.0.0.jar:/Users/anatoliiyakubyshyn/.m2/repository/com/applitools/eyes-connectivity-java3/3.210.6/eyes-connectivity-java3-3.210.6.jar:/Users/anatoliiyakubyshyn/.m2/repository/net/sourceforge/cssparser/cssparser/0.9.27/cssparser-0.9.27.jar:/Users/anatoliiyakubyshyn/.m2/repository/org/w3c/css/sac/1.3/sac-1.3.jar:/Users/anatoliiyakubyshyn/.m2/repository/com/applitools/eyes-connectivity-java3-jersey2x/3.210.6/eyes-connectivity-java3-jersey2x-3.210.6.jar:/Users/anatoliiyakubyshyn/.m2/repository/org/glassfish/jersey/connectors/jersey-apache-connector/2.29/jersey-apache-connector-2.29.jar:/Users/anatoliiyakubyshyn/.m2/repository/org/glassfish/jersey/core/jersey-common/2.29/jersey-common-2.29.jar:/Users/anatoliiyakubyshyn/.m2/repository/jakarta/annotation/jakarta.annotation-api/1.3.4/jakarta.annotation-api-1.3.4.jar:/Users/anatoliiyakubyshyn/.m2/repository/org/glassfish/hk2/osgi-resource-locator/1.0.3/osgi-resource-locator-1.0.3.jar:/Users/anatoliiyakubyshyn/.m2/repository/jakarta/ws/rs/jakarta.ws.rs-api/2.1.5/jakarta.ws.rs-api-2.1.5.jar:/Users/anatoliiyakubyshyn/.m2/repository/org/glassfish/jersey/core/jersey-client/2.29/jersey-client-2.29.jar:/Users/anatoliiyakubyshyn/.m2/repository/org/glassfish/hk2/external/jakarta.inject/2.5.0/jakarta.inject-2.5.0.jar:/Users/anatoliiyakubyshyn/.m2/repository/org/glassfish/jersey/inject/jersey-hk2/2.29/jersey-hk2-2.29.jar:/Users/anatoliiyakubyshyn/.m2/repository/org/glassfish/hk2/hk2-locator/2.5.0/hk2-locator-2.5.0.jar:/Users/anatoliiyakubyshyn/.m2/repository/org/glassfish/hk2/external/aopalliance-repackaged/2.5.0/aopalliance-repackaged-2.5.0.jar:/Users/anatoliiyakubyshyn/.m2/repository/org/glassfish/hk2/hk2-api/2.5.0/hk2-api-2.5.0.jar:/Users/anatoliiyakubyshyn/.m2/repository/org/glassfish/hk2/hk2-utils/2.5.0/hk2-utils-2.5.0.jar:/Users/anatoliiyakubyshyn/.m2/repository/org/javassist/javassist/3.22.0-CR2/javassist-3.22.0-CR2.jar:/Users/anatoliiyakubyshyn/.m2/repository/javax/websocket/javax.websocket-client-api/1.1/javax.websocket-client-api-1.1.jar:/Users/anatoliiyakubyshyn/.m2/repository/com/applitools/eyes-universal-core/5.0.0/eyes-universal-core-5.0.0.jar:/Users/anatoliiyakubyshyn/.m2/repository/com/helger/ph-css/6.1.1/ph-css-6.1.1.jar:/Users/anatoliiyakubyshyn/.m2/repository/com/helger/ph-commons/9.0.2/ph-commons-9.0.2.jar:/Users/anatoliiyakubyshyn/.m2/repository/javax/activation/activation/1.1.1/activation-1.1.1.jar:"/>
    <property name="sun.cpu.endian" value="little"/>
    <property name="user.home" value="/Users/anatoliiyakubyshyn"/>
    <property name="user.language" value="uk"/>
    <property name="java.specification.vendor" value="Oracle Corporation"/>
    <property name="java.version.date" value="2021-04-20"/>
    <property name="java.home" value="/Library/Java/JavaVirtualMachines/adoptopenjdk-11.jdk/Contents/Home"/>
    <property name="file.separator" value="/"/>
    <property name="basedir" value="/Users/anatoliiyakubyshyn/Documents/Solvd/new/FrameWorkSelenium"/>
    <property name="java.vm.compressedOopsMode" value="Zero based"/>
    <property name="line.separator" value="&#10;"/>
    <property name="java.specification.name" value="Java Platform API Specification"/>
    <property name="java.vm.specification.vendor" value="Oracle Corporation"/>
    <property name="java.awt.graphicsenv" value="sun.awt.CGraphicsEnvironment"/>
    <property name="surefire.real.class.path" value="/Users/anatoliiyakubyshyn/Documents/Solvd/new/FrameWorkSelenium/target/surefire/surefirebooter4122544142659598738.jar"/>
    <property name="sun.management.compiler" value="HotSpot 64-Bit Tiered Compilers"/>
    <property name="ftp.nonProxyHosts" value="local|*.local|169.254/16|*.169.254/16"/>
    <property name="java.runtime.version" value="11.0.11+9"/>
    <property name="user.name" value="anatoliiyakubyshyn"/>
    <property name="path.separator" value=":"/>
    <property name="os.version" value="11.2"/>
    <property name="java.runtime.name" value="OpenJDK Runtime Environment"/>
    <property name="file.encoding" value="UTF-8"/>
    <property name="java.vm.name" value="OpenJDK 64-Bit Server VM"/>
    <property name="java.vendor.version" value="AdoptOpenJDK-11.0.11+9"/>
    <property name="localRepository" value="/Users/anatoliiyakubyshyn/.m2/repository"/>
    <property name="java.vendor.url.bug" value="https://github.com/AdoptOpenJDK/openjdk-support/issues"/>
    <property name="java.io.tmpdir" value="/var/folders/s5/tvyc_b8d6w133zjpq251cg200000gn/T/"/>
    <property name="java.version" value="11.0.11"/>
    <property name="user.dir" value="/Users/anatoliiyakubyshyn/Documents/Solvd/new/FrameWorkSelenium"/>
    <property name="os.arch" value="x86_64"/>
    <property name="java.vm.specification.name" value="Java Virtual Machine Specification"/>
    <property name="java.awt.printerjob" value="sun.lwawt.macosx.CPrinterJob"/>
    <property name="sun.os.patch.level" value="unknown"/>
    <property name="java.library.path" value="/Users/anatoliiyakubyshyn/Library/Java/Extensions:/Library/Java/Extensions:/Network/Library/Java/Extensions:/System/Library/Java/Extensions:/usr/lib/java:."/>
    <property name="suite" value="src/test/resources/suites/testng"/>
    <property name="java.vm.info" value="mixed mode"/>
    <property name="java.vendor" value="AdoptOpenJDK"/>
    <property name="java.vm.version" value="11.0.11+9"/>
    <property name="sun.io.unicode.encoding" value="UnicodeBig"/>
    <property name="java.class.version" value="55.0"/>
    <property name="socksNonProxyHosts" value="local|*.local|169.254/16|*.169.254/16"/>
  </properties>
  <testcase name="testUntitledTestCase" classname="test.Katalon" time="17.745">
    <system-out><![CDATA[[DEBUG] 2023-04-28 15:14:21.297 [main] InternalLoggerFactory - Using Log4J2 as the default logging framework
[DEBUG] 2023-04-28 15:14:21.322 [main] ResourceLeakDetector - -Dio.netty.leakDetection.level: simple
[DEBUG] 2023-04-28 15:14:21.323 [main] ResourceLeakDetector - -Dio.netty.leakDetection.targetRecords: 4
[DEBUG] 2023-04-28 15:14:21.328 [main] ResourceLeakDetectorFactory - Loaded default ResourceLeakDetector: io.netty.util.ResourceLeakDetector@49298ce7
[DEBUG] 2023-04-28 15:14:21.344 [main] PlatformDependent0 - -Dio.netty.noUnsafe: false
[DEBUG] 2023-04-28 15:14:21.345 [main] PlatformDependent0 - Java version: 11
[DEBUG] 2023-04-28 15:14:21.348 [main] PlatformDependent0 - sun.misc.Unsafe.theUnsafe: available
[DEBUG] 2023-04-28 15:14:21.349 [main] PlatformDependent0 - sun.misc.Unsafe.copyMemory: available
[DEBUG] 2023-04-28 15:14:21.350 [main] PlatformDependent0 - sun.misc.Unsafe.storeFence: available
[DEBUG] 2023-04-28 15:14:21.353 [main] PlatformDependent0 - java.nio.Buffer.address: available
[DEBUG] 2023-04-28 15:14:21.354 [main] PlatformDependent0 - direct buffer constructor: unavailable: Reflective setAccessible(true) disabled
[DEBUG] 2023-04-28 15:14:21.355 [main] PlatformDependent0 - java.nio.Bits.unaligned: available, true
[DEBUG] 2023-04-28 15:14:21.356 [main] PlatformDependent0 - jdk.internal.misc.Unsafe.allocateUninitializedArray(int): unavailable: class io.netty.util.internal.PlatformDependent0$7 cannot access class jdk.internal.misc.Unsafe (in module java.base) because module java.base does not export jdk.internal.misc to unnamed module @6f89f665
[DEBUG] 2023-04-28 15:14:21.358 [main] PlatformDependent0 - java.nio.DirectByteBuffer.<init>(long, int): unavailable
[DEBUG] 2023-04-28 15:14:21.358 [main] PlatformDependent - sun.misc.Unsafe: available
[DEBUG] 2023-04-28 15:14:21.359 [main] PlatformDependent - maxDirectMemory: 4294967296 bytes (maybe)
[DEBUG] 2023-04-28 15:14:21.360 [main] PlatformDependent - -Dio.netty.tmpdir: /var/folders/s5/tvyc_b8d6w133zjpq251cg200000gn/T (java.io.tmpdir)
[DEBUG] 2023-04-28 15:14:21.360 [main] PlatformDependent - -Dio.netty.bitMode: 64 (sun.arch.data.model)
[DEBUG] 2023-04-28 15:14:21.365 [main] PlatformDependent - Platform: MacOS
[DEBUG] 2023-04-28 15:14:21.366 [main] PlatformDependent - -Dio.netty.maxDirectMemory: -1 bytes
[DEBUG] 2023-04-28 15:14:21.366 [main] PlatformDependent - -Dio.netty.uninitializedArrayAllocationThreshold: -1
[DEBUG] 2023-04-28 15:14:21.367 [main] CleanerJava9 - java.nio.ByteBuffer.cleaner(): available
[DEBUG] 2023-04-28 15:14:21.368 [main] PlatformDependent - -Dio.netty.noPreferDirect: false
[DEBUG] 2023-04-28 15:14:21.375 [main] PlatformDependent - org.jctools-core.MpscChunkedArrayQueue: available
[DEBUG] 2023-04-28 15:14:21.400 [main] InternalThreadLocalMap - -Dio.netty.threadLocalMap.stringBuilder.initialSize: 1024
[DEBUG] 2023-04-28 15:14:21.401 [main] InternalThreadLocalMap - -Dio.netty.threadLocalMap.stringBuilder.maxSize: 4096
[DEBUG] 2023-04-28 15:14:21.627 [main] JdkSslContext - Default protocols (JDK): [TLSv1.3, TLSv1.2] 
[DEBUG] 2023-04-28 15:14:21.627 [main] JdkSslContext - Default cipher suites (JDK): [TLS_ECDHE_ECDSA_WITH_AES_256_GCM_SHA384, TLS_ECDHE_ECDSA_WITH_AES_128_GCM_SHA256, TLS_ECDHE_RSA_WITH_AES_128_GCM_SHA256, TLS_ECDHE_RSA_WITH_AES_256_GCM_SHA384, TLS_ECDHE_RSA_WITH_AES_128_CBC_SHA, TLS_ECDHE_RSA_WITH_AES_256_CBC_SHA, TLS_RSA_WITH_AES_128_GCM_SHA256, TLS_RSA_WITH_AES_128_CBC_SHA, TLS_RSA_WITH_AES_256_CBC_SHA, TLS_AES_128_GCM_SHA256, TLS_AES_256_GCM_SHA384]
[DEBUG] 2023-04-28 15:14:21.639 [main] GlobalEventExecutor - -Dio.netty.globalEventExecutor.quietPeriodSeconds: 1
[DEBUG] 2023-04-28 15:14:21.648 [main] MultithreadEventLoopGroup - -Dio.netty.eventLoopThreads: 16
[DEBUG] 2023-04-28 15:14:21.657 [main] NioEventLoop - -Dio.netty.noKeySetOptimization: false
[DEBUG] 2023-04-28 15:14:21.657 [main] NioEventLoop - -Dio.netty.selectorAutoRebuildThreshold: 512
[DEBUG] 2023-04-28 15:14:21.678 [main] PooledByteBufAllocator - -Dio.netty.allocator.numHeapArenas: 16
[DEBUG] 2023-04-28 15:14:21.678 [main] PooledByteBufAllocator - -Dio.netty.allocator.numDirectArenas: 16
[DEBUG] 2023-04-28 15:14:21.678 [main] PooledByteBufAllocator - -Dio.netty.allocator.pageSize: 8192
[DEBUG] 2023-04-28 15:14:21.678 [main] PooledByteBufAllocator - -Dio.netty.allocator.maxOrder: 9
[DEBUG] 2023-04-28 15:14:21.679 [main] PooledByteBufAllocator - -Dio.netty.allocator.chunkSize: 4194304
[DEBUG] 2023-04-28 15:14:21.679 [main] PooledByteBufAllocator - -Dio.netty.allocator.smallCacheSize: 256
[DEBUG] 2023-04-28 15:14:21.679 [main] PooledByteBufAllocator - -Dio.netty.allocator.normalCacheSize: 64
[DEBUG] 2023-04-28 15:14:21.679 [main] PooledByteBufAllocator - -Dio.netty.allocator.maxCachedBufferCapacity: 32768
[DEBUG] 2023-04-28 15:14:21.679 [main] PooledByteBufAllocator - -Dio.netty.allocator.cacheTrimInterval: 8192
[DEBUG] 2023-04-28 15:14:21.679 [main] PooledByteBufAllocator - -Dio.netty.allocator.cacheTrimIntervalMillis: 0
[DEBUG] 2023-04-28 15:14:21.679 [main] PooledByteBufAllocator - -Dio.netty.allocator.useCacheForAllThreads: false
[DEBUG] 2023-04-28 15:14:21.680 [main] PooledByteBufAllocator - -Dio.netty.allocator.maxCachedByteBuffersPerChunk: 1023
[DEBUG] 2023-04-28 15:14:21.688 [main] ByteBufUtil - -Dio.netty.allocator.type: pooled
[DEBUG] 2023-04-28 15:14:21.689 [main] ByteBufUtil - -Dio.netty.threadLocalDirectBufferSize: 0
[DEBUG] 2023-04-28 15:14:21.689 [main] ByteBufUtil - -Dio.netty.maxThreadLocalCharBufferSize: 16384
[DEBUG] 2023-04-28 15:14:22.014 [Forwarding newSession on session null to remote] DefaultChannelId - -Dio.netty.processId: 4138 (auto-detected)
[DEBUG] 2023-04-28 15:14:22.016 [Forwarding newSession on session null to remote] NetUtil - -Djava.net.preferIPv4Stack: false
[DEBUG] 2023-04-28 15:14:22.017 [Forwarding newSession on session null to remote] NetUtil - -Djava.net.preferIPv6Addresses: false
[DEBUG] 2023-04-28 15:14:22.018 [Forwarding newSession on session null to remote] NetUtilInitializations - Loopback interface: lo0 (lo0, 0:0:0:0:0:0:0:1%lo0)
[DEBUG] 2023-04-28 15:14:22.019 [Forwarding newSession on session null to remote] NetUtil - Failed to get SOMAXCONN from sysctl and file /proc/sys/net/core/somaxconn. Default: 128
[DEBUG] 2023-04-28 15:14:22.020 [Forwarding newSession on session null to remote] DefaultChannelId - -Dio.netty.machineId: c8:89:f3:ff:fe:be:60:b0 (auto-detected)
[DEBUG] 2023-04-28 15:14:22.095 [AsyncHttpClient-1-2] AbstractByteBuf - -Dio.netty.buffer.checkAccessible: true
[DEBUG] 2023-04-28 15:14:22.096 [AsyncHttpClient-1-2] AbstractByteBuf - -Dio.netty.buffer.checkBounds: true
[DEBUG] 2023-04-28 15:14:22.097 [AsyncHttpClient-1-2] ResourceLeakDetectorFactory - Loaded default ResourceLeakDetector: io.netty.util.ResourceLeakDetector@6fa05034
[DEBUG] 2023-04-28 15:14:22.187 [AsyncHttpClient-1-2] Recycler - -Dio.netty.recycler.maxCapacityPerThread: 4096
[DEBUG] 2023-04-28 15:14:22.190 [AsyncHttpClient-1-2] Recycler - -Dio.netty.recycler.ratio: 8
[DEBUG] 2023-04-28 15:14:22.191 [AsyncHttpClient-1-2] Recycler - -Dio.netty.recycler.chunkSize: 32
[DEBUG] 2023-04-28 15:14:22.191 [AsyncHttpClient-1-2] Recycler - -Dio.netty.recycler.blocking: false
[DEBUG] 2023-04-28 15:14:22.191 [AsyncHttpClient-1-2] Recycler - -Dio.netty.recycler.batchFastThreadLocalOnly: true
[DEBUG] 2023-04-28 15:14:27.015 [AsyncHttpClient-1-2] Brotli - brotli4j not in the classpath; Brotli support will be unavailable.
[DEBUG] 2023-04-28 15:14:27.147 [main] ThreadLocalRandom - -Dio.netty.initialSeedUniquifier: 0x5e4ddb14020a35ee
testUntitledTestCase
testUntitledTestCase Finished successfully
]]></system-out>
    <system-err><![CDATA[SLF4J: No SLF4J providers were found.
SLF4J: Defaulting to no-operation (NOP) logger implementation
SLF4J: See https://www.slf4j.org/codes.html#noProviders for further details.
Starting ChromeDriver 112.0.5615.49 (bd2a7bcb881c11e8cfe3078709382934e3916914-refs/branch-heads/5615@{#936}) on port 2996
Only local connections are allowed.
Please see https://chromedriver.chromium.org/security-considerations for suggestions on keeping ChromeDriver safe.
ChromeDriver was started successfully.
квіт. 28, 2023 3:14:27 ПП org.openqa.selenium.devtools.CdpVersionFinder findNearestMatch
WARNING: Unable to find an exact match for CDP version 112, so returning the closest version found: 111
]]></system-err>
  </testcase>
</testsuite>