<?xml version="1.0" encoding="UTF-8"?>
<!-- Generated by org.testng.reporters.JUnitReportReporter -->
<testsuite hostname="Anatoliis-MacBook-Pro.local" failures="0" tests="1" name="test.Katalon" time="17.720" errors="0" timestamp="2023-04-28T15:14:45 EEST" skipped="0">
  <testcase classname="test.Katalon" name="testUntitledTestCase" time="17.720"/>
  <system-out/>
</testsuite> <!-- test.Katalon -->
